<?xml version="1.0" encoding="UTF-8"?>
<!-- Generated by org.testng.reporters.JUnitXMLReporter -->
<testsuite hostname="6VONETUM41T5TPY" ignored="0" name="Default test" tests="6" failures="0" timestamp="23 Jul 2020 10:31:02 GMT" time="41.294" errors="0">
  <testcase name="loginPageTitleTest" time="0.021" classname="com.vtiger.qa.testcases.LoginPageTest"/>
  <testcase name="logoTest" time="0.25" classname="com.vtiger.qa.testcases.LoginPageTest"/>
  <testcase name="googleLinkTest" time="0.098" classname="com.vtiger.qa.testcases.LoginPageTest"/>
  <testcase name="microsoftLinkTest" time="0.235" classname="com.vtiger.qa.testcases.LoginPageTest"/>
  <testcase name="linkedInLinkTest" time="0.584" classname="com.vtiger.qa.testcases.LoginPageTest"/>
  <testcase name="loginTest" time="0.81" classname="com.vtiger.qa.testcases.LoginPageTest"/>
</testsuite> <!-- Default test -->
