<?xml version="1.0" encoding="UTF-8"?>
<testng-results skipped="0" failed="0" ignored="0" total="2" passed="2">
  <reporter-output>
  </reporter-output>
  <suite name="Default suite" duration-ms="52" started-at="2020-07-18T13:48:05Z" finished-at="2020-07-18T13:48:05Z">
    <groups>
    </groups>
    <test name="Default test" duration-ms="52" started-at="2020-07-18T13:48:05Z" finished-at="2020-07-18T13:48:05Z">
      <class name="com.vtiger.qa.testcases.IndexPageTestCases">
        <test-method status="PASS" signature="setupSuite()[pri:0, instance:com.vtiger.qa.testcases.IndexPageTestCases@1efef64]" name="setupSuite" is-config="true" duration-ms="52" started-at="2020-07-18T13:48:05Z" finished-at="2020-07-18T13:48:05Z">
          <reporter-output>
          </reporter-output>
        </test-method> <!-- setupSuite -->
        <test-method status="PASS" signature="demo()[pri:0, instance:com.vtiger.qa.testcases.IndexPageTestCases@1efef64]" name="demo" duration-ms="8" started-at="2020-07-18T13:48:05Z" finished-at="2020-07-18T13:48:05Z">
          <reporter-output>
          </reporter-output>
        </test-method> <!-- demo -->
        <test-method status="PASS" signature="demo1()[pri:0, instance:com.vtiger.qa.testcases.IndexPageTestCases@1efef64]" name="demo1" duration-ms="2" started-at="2020-07-18T13:48:05Z" finished-at="2020-07-18T13:48:05Z">
          <reporter-output>
          </reporter-output>
        </test-method> <!-- demo1 -->
      </class> <!-- com.vtiger.qa.testcases.IndexPageTestCases -->
    </test> <!-- Default test -->
  </suite> <!-- Default suite -->
</testng-results>
