<?xml version="1.0" encoding="UTF-8"?>
<testng-results skipped="0" failed="0" ignored="0" total="2" passed="2">
  <reporter-output>
  </reporter-output>
  <suite name="Default suite" duration-ms="69486" started-at="2020-07-21T04:54:40Z" finished-at="2020-07-21T04:55:50Z">
    <groups>
    </groups>
    <test name="Default test" duration-ms="69486" started-at="2020-07-21T04:54:40Z" finished-at="2020-07-21T04:55:50Z">
      <class name="com.vtiger.qa.testcases.IndexPageTestCases">
        <test-method status="PASS" signature="setupSuite()[pri:0, instance:com.vtiger.qa.testcases.IndexPageTestCases@4f787b]" name="setupSuite" is-config="true" duration-ms="67" started-at="2020-07-21T04:54:40Z" finished-at="2020-07-21T04:54:40Z">
          <reporter-output>
          </reporter-output>
        </test-method> <!-- setupSuite -->
        <test-method status="PASS" signature="openBrowser(java.lang.String)[pri:0, instance:com.vtiger.qa.testcases.IndexPageTestCases@4f787b]" name="openBrowser" is-config="true" duration-ms="59580" started-at="2020-07-21T04:54:40Z" finished-at="2020-07-21T04:55:40Z">
          <params>
            <param index="0">
              <value>
                <![CDATA[CHROME]]>
              </value>
            </param>
          </params>
          <reporter-output>
          </reporter-output>
        </test-method> <!-- openBrowser -->
        <test-method status="PASS" signature="setup()[pri:0, instance:com.vtiger.qa.testcases.IndexPageTestCases@4f787b]" name="setup" is-config="true" duration-ms="156" started-at="2020-07-21T04:55:40Z" finished-at="2020-07-21T04:55:40Z">
          <reporter-output>
          </reporter-output>
        </test-method> <!-- setup -->
        <test-method status="PASS" signature="verifyTitle()[pri:0, instance:com.vtiger.qa.testcases.IndexPageTestCases@4f787b]" name="verifyTitle" duration-ms="91" started-at="2020-07-21T04:55:40Z" finished-at="2020-07-21T04:55:40Z">
          <reporter-output>
          </reporter-output>
        </test-method> <!-- verifyTitle -->
        <test-method status="PASS" signature="verifyLoginLink()[pri:1, instance:com.vtiger.qa.testcases.IndexPageTestCases@4f787b]" name="verifyLoginLink" duration-ms="7026" started-at="2020-07-21T04:55:40Z" finished-at="2020-07-21T04:55:47Z">
          <reporter-output>
          </reporter-output>
        </test-method> <!-- verifyLoginLink -->
        <test-method status="PASS" signature="tearDown()[pri:0, instance:com.vtiger.qa.testcases.IndexPageTestCases@4f787b]" name="tearDown" is-config="true" duration-ms="2504" started-at="2020-07-21T04:55:47Z" finished-at="2020-07-21T04:55:50Z">
          <reporter-output>
          </reporter-output>
        </test-method> <!-- tearDown -->
      </class> <!-- com.vtiger.qa.testcases.IndexPageTestCases -->
    </test> <!-- Default test -->
  </suite> <!-- Default suite -->
</testng-results>
